<?xml version="1.0" encoding="UTF-8"?>
<!-- Generated by org.testng.reporters.JUnitReportReporter -->
<testsuite hostname="Mahesh" failures="0" tests="3" name="testng.parameterizationdemo.DataProviderWithExcel" time="20.358" errors="0" timestamp="2025-03-20T00:03:12 IST" skipped="0">
  <testcase classname="testng.parameterizationdemo.DataProviderWithExcel" name="searchOnlineClasses" time="6.681"/>
  <testcase classname="testng.parameterizationdemo.DataProviderWithExcel" name="searchOnlineClasses" time="6.757"/>
  <testcase classname="testng.parameterizationdemo.DataProviderWithExcel" name="searchOnlineClasses" time="6.920"/>
</testsuite> <!-- testng.parameterizationdemo.DataProviderWithExcel -->
